2020-01-20 19:40:05 | 1579520405.704 [WARNING] [User.php:32] 6596 | 5e259195a6ccb | /api/user?wanted=all | GET | hello log! 
2020-01-20 19:42:06(1579520526.10) [WARNING] [User.php:32] 12332 | 5e25920de84d5 | /api/user?wanted=all | GET | hello log! 
2020-01-20 19:43:18 (1579520598.897) [WARNING] [User.php:32] 8552 | 5e259256cba44 | /api/user?wanted=all | GET | hello log! 
2020-01-20 19:45:28 (1579520728.125) [WARNING] [User.php:32] [User::index_get] 9096 | 5e2592d80fc9e | /api/user?wanted=all | GET | hello log! 
2020-01-20 20:09:03 (1579522143.244) [ERROR] [User_model.php:123] [User_model::create_user] 9096 | 5e25985f2b952 | /api/user | POST | 1062 
2020-01-20 20:09:03 (1579522143.244) [ERROR] [User_model.php:123] [User_model::create_user] 9096 | 5e25985f2b952 | /api/user | POST | Duplicate entry '13812345678' for key 'uc_phone' 
2020-01-20 20:17:59 (1579522679.724) [ERROR] [User_model.php:123] [User_model::create_user] 9096 | 5e259a77a0742 | /api/user | POST | 1062 | Duplicate entry '13812345678' for key 'uc_phone' 
2020-01-20 20:28:51 (1579523331.446) [ERROR] [User_model.php:122] [User_model::create_user] 9096 | 5e259d035caf5 | /api/user | POST | DB_code: 1062 - Duplicate entry '13812345678' for key 'uc_phone' 
2020-01-20 20:28:57 (1579523337.856) [ERROR] [User_model.php:122] [User_model::create_user] 9096 | 5e259d09c1a04 | /api/user | POST | DB_code: 1062 - Duplicate entry '13812345678' for key 'uc_phone' 
2020-01-20 20:28:59 (1579523339.985) [ERROR] [User_model.php:122] [User_model::create_user] 9096 | 5e259d0be405b | /api/user | POST | DB_code: 1062 - Duplicate entry '13812345678' for key 'uc_phone' 
2020-01-20 20:38:20 (1579523900.752) [ERROR] [User_model.php:122] [User_model::create_user] 9096 | 5e259f3ca9cca | /api/user | POST | DB_code: 1062 - Duplicate entry '13812345678' for key 'uc_phone' 
2020-01-20 20:38:25 (1579523905.759) [ERROR] [User_model.php:122] [User_model::create_user] 9096 | 5e259f41a967c | /api/user | POST | DB_code: 1062 - Duplicate entry '13812345678' for key 'uc_phone' 
2020-01-20 20:39:35 (1579523975.693) [ERROR] [User_model.php:218] [User_model::update_user] 9096 | 5e259f87a1fd9 | /api/user | PUT | DB_code: 1062 - Duplicate entry '13812345678' for key 'uc_phone' 
2020-01-20 20:39:39 (1579523979.374) [ERROR] [User_model.php:218] [User_model::update_user] 9096 | 5e259f8b554f7 | /api/user | PUT | DB_code: 1062 - Duplicate entry '13812345678' for key 'uc_phone' 
2020-01-20 20:51:21 (1579524681.931) [ERROR] [User_model.php:218] [User_model::update_user] 9096 | 5e25a249de8f5 | /api/user | PUT | DB_code: 1062 - Duplicate entry '13812345678' for key 'uc_phone' 
2020-01-20 20:51:21 (1579524681.931) [ERROR] [User.php:174] [User::index_put] 9096 | 5e25a249de8f5 | /api/user | PUT | APP_code: 203 - 数据表USER修改失败，请稍后重试！ 
2020-01-20 20:53:37 (1579524817.511) [ERROR] [User_model.php:122] [User_model::create_user] 9096 | 5e25a2d16cfd9 | /api/user | POST | DB_code: 1062 - Duplicate entry '13812345678' for key 'uc_phone' 
2020-01-20 20:53:37 (1579524817.511) [ERROR] [User.php:94] [User::index_post] 9096 | 5e25a2d16cfd9 | /api/user | POST | APP_code: 200 - 数据表USER新加失败，请稍后重试！ 
2020-01-20 20:54:05 (1579524845.923) [ERROR] [User.php:82] [User::index_post] 9096 | 5e25a2eddc648 | /api/user | POST | APP_code: 150 - 密码hash处理失败，请稍后重试！ 
2020-01-20 20:57:19 (1579525039.189) [ERROR] [Common_tools.php:65] [Common_tools::hash_password] 9096 | 5e25a3af28c4f | /api/user | POST | APP_code:  - input of func hash_password checked failed 
2020-01-20 20:57:19 (1579525039.189) [ERROR] [User.php:82] [User::index_post] 9096 | 5e25a3af28c4f | /api/user | POST | APP_code: 150 - 密码hash处理失败，请稍后重试！ 
2020-01-20 21:21:15 (1579526475.984) [ERROR] [User_model.php:82] [User_model::read_all] 9096 | 5e25a94bec38f | /api/user?wanted=all | GET | DB_code: 1054 - Unknown column 'xx' in 'field list' 
2020-01-20 22:16:00 (1579529760.514) [ERROR] [User.php:203] [User::index_put] 9096 | 5e25b62077707 | /api/user | PUT | APP_code: 204 - 数据表USER_ROLE修改失败，请稍后重试！ 
2020-01-20 22:16:17 (1579529777.375) [ERROR] [User.php:203] [User::index_put] 9096 | 5e25b6315624c | /api/user | PUT | APP_code: 204 - 数据表USER_ROLE修改失败，请稍后重试！ 
2020-01-20 22:23:22 (1579530202.91) [ERROR] [Common_tools.php:65] [Common_tools::hash_password] 9096 | 5e25b7da1174f | /api/user | POST | APP_code:  - input of func hash_password checked failed 
2020-01-20 22:23:22 (1579530202.91) [ERROR] [User.php:100] [User::index_post] 9096 | 5e25b7da1174f | /api/user | POST | APP_code: 150 - 密码hash处理失败，请稍后重试！ 
2020-01-20 22:23:36 (1579530216.950) [ERROR] [User_model.php:133] [User_model::create_user] 9096 | 5e25b7e8d8b14 | /api/user | POST | DB_code: 1062 - Duplicate entry '13812345677' for key 'uc_phone' 
2020-01-20 22:23:36 (1579530216.950) [ERROR] [User.php:112] [User::index_post] 9096 | 5e25b7e8d8b14 | /api/user | POST | APP_code: 200 - 数据表USER新加失败，请稍后重试！ 
