2020-10-14 00:10:17 [NOTICE] [Auth.php:159] 7012 | 5f85d16980ad8 | [l6vp1sag] user - 138****5678 logout. 
2020-10-14 00:10:25 [NOTICE] [Auth.php:106] 7012 | 5f85d171d4ead | [8tplnbiv] user - 138****5678 login successfully. 
2020-10-14 00:13:38 [NOTICE] [Auth.php:106] 7012 | 5f85d232bad36 | [866cks6u] user - 138****5678 login successfully. 
2020-10-14 00:14:35 [NOTICE] [Auth.php:159] 7012 | 5f85d26b80667 | [866cks6u] user - 138****5678 logout. 
2020-10-14 22:22:00 [NOTICE] [Auth.php:106] 6496 | 5f870987bb01a | [q19jcme7] user - 138****5678 login successfully. 
2020-10-14 22:24:01 [NOTICE] [Auth.php:159] 6496 | 5f870a015a2c9 | [q19jcme7] user - 138****5678 logout. 
2020-10-14 22:24:08 [NOTICE] [Auth.php:106] 6496 | 5f870a0868955 | [8ov18li3] user - 137****5678 login successfully. 
2020-10-14 22:24:08 [NOTICE] [Auth.php:159] 6496 | 5f870a0887f55 | [8ov18li3] user - 137****5678 logout. 
2020-10-14 22:24:16 [NOTICE] [Auth.php:106] 6496 | 5f870a10a7bbb | [pfntmba1] user - 138****5678 login successfully. 
2020-10-14 22:24:42 [NOTICE] [Auth.php:159] 6496 | 5f870a2a5bff9 | [pfntmba1] user - 138****5678 logout. 
2020-10-14 22:24:50 [NOTICE] [Auth.php:106] 6496 | 5f870a32845b7 | [m90t80q5] user - 137****5678 login successfully. 
2020-10-14 23:22:46 [NOTICE] [Auth.php:159] 6496 | 5f8717c6b9714 | [2h88c6db] user - 137****5678 logout. 
2020-10-14 23:22:55 [NOTICE] [Auth.php:106] 6496 | 5f8717cf1690b | [mtgnto1k] user - 138****5678 login successfully. 
2020-10-14 23:23:32 [NOTICE] [Auth.php:159] 6496 | 5f8717f404588 | [mtgnto1k] user - 138****5678 logout. 
2020-10-14 23:23:37 [NOTICE] [Auth.php:106] 6496 | 5f8717f9db73a | [mogdogmn] user - 137****5678 login successfully. 
2020-10-14 23:23:38 [NOTICE] [Auth.php:159] 6496 | 5f8717fa05193 | [mogdogmn] user - 137****5678 logout. 
2020-10-14 23:23:39 [NOTICE] [Auth.php:106] 6496 | 5f8717fb37afa | [598dn8ic] user - 137****5678 login successfully. 
2020-10-14 23:23:39 [NOTICE] [Auth.php:159] 6496 | 5f8717fb54d12 | [598dn8ic] user - 137****5678 logout. 
2020-10-14 23:24:01 [NOTICE] [Auth.php:106] 6496 | 5f8718111ff26 | [o72n01k6] user - 137****5678 login successfully. 
2020-10-14 23:24:01 [NOTICE] [Auth.php:159] 6496 | 5f8718113e8b6 | [o72n01k6] user - 137****5678 logout. 
2020-10-14 23:24:34 [NOTICE] [Auth.php:106] 6496 | 5f87183209cde | [kdcn2h5q] user - 137****5678 login successfully. 
2020-10-14 23:24:34 [NOTICE] [Auth.php:159] 6496 | 5f87183229a3f | [kdcn2h5q] user - 137****5678 logout. 
2020-10-14 23:24:45 [NOTICE] [Auth.php:106] 6496 | 5f87183dd3082 | [l69qnp04] user - 137****5678 login successfully. 
2020-10-14 23:24:46 [NOTICE] [Auth.php:159] 6496 | 5f87183df0f2b | [l69qnp04] user - 137****5678 logout. 
2020-10-14 23:24:50 [NOTICE] [Auth.php:106] 6496 | 5f8718420dab6 | [dfgkjar4] user - 137****5678 login successfully. 
2020-10-14 23:24:50 [NOTICE] [Auth.php:159] 6496 | 5f8718422e589 | [dfgkjar4] user - 137****5678 logout. 
